
> frontend-src@0.1.0 dev
> vite

[33mThe CJS build of Vite's Node API is deprecated. See https://vite.dev/guide/troubleshooting.html#vite-cjs-node-api-deprecated for more details.[39m
Port 5173 is in use, trying another one...

  VITE v5.4.21  ready in 244 ms

  ➜  Local:   http://localhost:5174/
  ➜  Network: use --host to expose
  ➜  press h + enter to show help
10:24:12 PM [vite] Pre-transform error: Transform failed with 1 error:
/home/code/playlister/frontend-src/src/index.css:1:5: ERROR: Expected ";" but found "{"
10:24:12 PM [vite] Pre-transform error: Failed to parse source for import analysis because the content contains invalid JS syntax. If you are using JSX, make sure to name the file with the .jsx or .tsx extension.
10:24:13 PM [vite] Pre-transform error: Failed to parse source for import analysis because the content contains invalid JS syntax. If you are using JSX, make sure to name the file with the .jsx or .tsx extension.
10:24:13 PM [vite] Internal server error: Failed to parse source for import analysis because the content contains invalid JS syntax. If you are using JSX, make sure to name the file with the .jsx or .tsx extension.
  Plugin: vite:import-analysis
  File: /home/code/playlister/frontend-src/src/features/managedPlaylists/managedPlaylistsSlice.js:19:76
  17 |  
  18 |  const trackAddedNotification = {
  19 |    message: <Title order={5} style={{ color: 'white' }}>Track added</Title>,
     |                                                                             ^
  20 |    color: 'green',
  21 |    style: { backgroundColor: theme.colors.green[7] },
      at TransformPluginContext._formatError (file:///home/code/playlister/frontend-src/node_modules/vite/dist/node/chunks/dep-BK3b2jBa.js:49258:41)
      at TransformPluginContext.error (file:///home/code/playlister/frontend-src/node_modules/vite/dist/node/chunks/dep-BK3b2jBa.js:49253:16)
      at TransformPluginContext.transform (file:///home/code/playlister/frontend-src/node_modules/vite/dist/node/chunks/dep-BK3b2jBa.js:64259:14)
      at async PluginContainer.transform (file:///home/code/playlister/frontend-src/node_modules/vite/dist/node/chunks/dep-BK3b2jBa.js:49099:18)
      at async loadAndTransform (file:///home/code/playlister/frontend-src/node_modules/vite/dist/node/chunks/dep-BK3b2jBa.js:51978:27)
      at async viteTransformMiddleware (file:///home/code/playlister/frontend-src/node_modules/vite/dist/node/chunks/dep-BK3b2jBa.js:62106:24)
10:24:13 PM [vite] Pre-transform error: Transform failed with 1 error:
/home/code/playlister/frontend-src/node_modules/@mantine/core/styles.css:2:0: ERROR: Unexpected "*"
10:24:13 PM [vite] Internal server error: Transform failed with 1 error:
/home/code/playlister/frontend-src/src/index.css:1:5: ERROR: Expected ";" but found "{"
  Plugin: vite:esbuild
  File: /home/code/playlister/frontend-src/src/index.css:1:5
  
  Expected ";" but found "{"
  1  |  body {
     |       ^
  2  |    margin: 0;
  3  |    font-family: -apple-system, BlinkMacSystemFont, 'Segoe UI', 'Roboto', 'Oxygen',
  
      at failureErrorWithLog (/home/code/playlister/frontend-src/node_modules/esbuild/lib/main.js:1472:15)
      at /home/code/playlister/frontend-src/node_modules/esbuild/lib/main.js:755:50
      at responseCallbacks.<computed> (/home/code/playlister/frontend-src/node_modules/esbuild/lib/main.js:622:9)
      at handleIncomingPacket (/home/code/playlister/frontend-src/node_modules/esbuild/lib/main.js:677:12)
      at Socket.readFromStdout (/home/code/playlister/frontend-src/node_modules/esbuild/lib/main.js:600:7)
      at Socket.emit (node:events:519:28)
      at addChunk (node:internal/streams/readable:561:12)
      at readableAddChunkPushByteMode (node:internal/streams/readable:512:3)
      at Readable.push (node:internal/streams/readable:392:5)
      at Pipe.onStreamRead (node:internal/stream_base_commons:189:23)
10:24:13 PM [vite] Pre-transform error: Transform failed with 1 error:
/home/code/playlister/frontend-src/node_modules/@mantine/notifications/styles.css:1:0: ERROR: Unexpected "."
10:24:13 PM [vite] Pre-transform error: Transform failed with 1 error:
/home/code/playlister/frontend-src/src/App.scss:1:0: ERROR: Unexpected "."
10:24:13 PM [vite] Pre-transform error: Failed to parse source for import analysis because the content contains invalid JS syntax. If you are using JSX, make sure to name the file with the .jsx or .tsx extension.
10:24:13 PM [vite] Pre-transform error: Failed to parse source for import analysis because the content contains invalid JS syntax. If you are using JSX, make sure to name the file with the .jsx or .tsx extension.
10:24:13 PM [vite] Pre-transform error: Failed to parse source for import analysis because the content contains invalid JS syntax. If you are using JSX, make sure to name the file with the .jsx or .tsx extension.
10:24:13 PM [vite] Pre-transform error: Failed to parse source for import analysis because the content contains invalid JS syntax. If you are using JSX, make sure to name the file with the .jsx or .tsx extension.
10:24:13 PM [vite] Pre-transform error: Transform failed with 1 error:
/home/code/playlister/frontend-src/src/components/LoginScreen.module.css:1:0: ERROR: Unexpected "."
10:24:13 PM [vite] Internal server error: Transform failed with 1 error:
/home/code/playlister/frontend-src/node_modules/@mantine/core/styles.css:2:0: ERROR: Unexpected "*"
  Plugin: vite:esbuild
  File: /home/code/playlister/frontend-src/node_modules/@mantine/core/styles.css:2:0
  
  Unexpected "*"
  1  |  /* ----- CSS reset ----- */
  2  |  *,
     |  ^
  3  |  *::before,
  4  |  *::after {
  
      at failureErrorWithLog (/home/code/playlister/frontend-src/node_modules/esbuild/lib/main.js:1472:15)
      at /home/code/playlister/frontend-src/node_modules/esbuild/lib/main.js:755:50
      at responseCallbacks.<computed> (/home/code/playlister/frontend-src/node_modules/esbuild/lib/main.js:622:9)
      at handleIncomingPacket (/home/code/playlister/frontend-src/node_modules/esbuild/lib/main.js:677:12)
      at Socket.readFromStdout (/home/code/playlister/frontend-src/node_modules/esbuild/lib/main.js:600:7)
      at Socket.emit (node:events:519:28)
      at addChunk (node:internal/streams/readable:561:12)
      at readableAddChunkPushByteMode (node:internal/streams/readable:512:3)
      at Readable.push (node:internal/streams/readable:392:5)
      at Pipe.onStreamRead (node:internal/stream_base_commons:189:23)
10:24:13 PM [vite] Pre-transform error: Transform failed with 1 error:
/home/code/playlister/frontend-src/src/features/player/Player.module.css:1:0: ERROR: Unexpected "."
10:24:13 PM [vite] Internal server error: Transform failed with 1 error:
/home/code/playlister/frontend-src/node_modules/@mantine/notifications/styles.css:1:0: ERROR: Unexpected "."
  Plugin: vite:esbuild
  File: /home/code/playlister/frontend-src/node_modules/@mantine/notifications/styles.css:1:0
  
  Unexpected "."
  1  |  .m_b37d9ac7 {
     |  ^
  2  |    width: calc(100% - var(--mantine-spacing-md) * 2);
  3  |    position: fixed;
  
      at failureErrorWithLog (/home/code/playlister/frontend-src/node_modules/esbuild/lib/main.js:1472:15)
      at /home/code/playlister/frontend-src/node_modules/esbuild/lib/main.js:755:50
      at responseCallbacks.<computed> (/home/code/playlister/frontend-src/node_modules/esbuild/lib/main.js:622:9)
      at handleIncomingPacket (/home/code/playlister/frontend-src/node_modules/esbuild/lib/main.js:677:12)
      at Socket.readFromStdout (/home/code/playlister/frontend-src/node_modules/esbuild/lib/main.js:600:7)
      at Socket.emit (node:events:519:28)
      at addChunk (node:internal/streams/readable:561:12)
      at readableAddChunkPushByteMode (node:internal/streams/readable:512:3)
      at Readable.push (node:internal/streams/readable:392:5)
      at Pipe.onStreamRead (node:internal/stream_base_commons:189:23)
10:24:13 PM [vite] Internal server error: Transform failed with 1 error:
/home/code/playlister/frontend-src/src/App.scss:1:0: ERROR: Unexpected "."
  Plugin: vite:esbuild
  File: /home/code/playlister/frontend-src/src/App.scss:1:0
  
  Unexpected "."
  1  |  .Nav {
     |  ^
  2  |    text-align: right;
  3  |  }
  
      at failureErrorWithLog (/home/code/playlister/frontend-src/node_modules/esbuild/lib/main.js:1472:15)
      at /home/code/playlister/frontend-src/node_modules/esbuild/lib/main.js:755:50
      at responseCallbacks.<computed> (/home/code/playlister/frontend-src/node_modules/esbuild/lib/main.js:622:9)
      at handleIncomingPacket (/home/code/playlister/frontend-src/node_modules/esbuild/lib/main.js:677:12)
      at Socket.readFromStdout (/home/code/playlister/frontend-src/node_modules/esbuild/lib/main.js:600:7)
      at Socket.emit (node:events:519:28)
      at addChunk (node:internal/streams/readable:561:12)
      at readableAddChunkPushByteMode (node:internal/streams/readable:512:3)
      at Readable.push (node:internal/streams/readable:392:5)
      at Pipe.onStreamRead (node:internal/stream_base_commons:189:23)
10:24:13 PM [vite] Pre-transform error: Failed to parse source for import analysis because the content contains invalid JS syntax. If you are using JSX, make sure to name the file with the .jsx or .tsx extension.
10:24:13 PM [vite] Pre-transform error: Failed to parse source for import analysis because the content contains invalid JS syntax. If you are using JSX, make sure to name the file with the .jsx or .tsx extension.
10:24:20 PM [vite] Internal server error: Transform failed with 1 error:
/home/code/playlister/frontend-src/src/index.css:1:5: ERROR: Expected ";" but found "{"
  Plugin: vite:esbuild
  File: /home/code/playlister/frontend-src/src/index.css:1:5
  
  Expected ";" but found "{"
  1  |  body {
     |       ^
  2  |    margin: 0;
  3  |    font-family: -apple-system, BlinkMacSystemFont, 'Segoe UI', 'Roboto', 'Oxygen',
  
      at failureErrorWithLog (/home/code/playlister/frontend-src/node_modules/esbuild/lib/main.js:1472:15)
      at /home/code/playlister/frontend-src/node_modules/esbuild/lib/main.js:755:50
      at responseCallbacks.<computed> (/home/code/playlister/frontend-src/node_modules/esbuild/lib/main.js:622:9)
      at handleIncomingPacket (/home/code/playlister/frontend-src/node_modules/esbuild/lib/main.js:677:12)
      at Socket.readFromStdout (/home/code/playlister/frontend-src/node_modules/esbuild/lib/main.js:600:7)
      at Socket.emit (node:events:519:28)
      at addChunk (node:internal/streams/readable:561:12)
      at readableAddChunkPushByteMode (node:internal/streams/readable:512:3)
      at Readable.push (node:internal/streams/readable:392:5)
      at Pipe.onStreamRead (node:internal/stream_base_commons:189:23)
10:24:20 PM [vite] Internal server error: Failed to parse source for import analysis because the content contains invalid JS syntax. If you are using JSX, make sure to name the file with the .jsx or .tsx extension.
  Plugin: vite:import-analysis
  File: /home/code/playlister/frontend-src/src/features/managedPlaylists/managedPlaylistsSlice.js:19:76
  17 |  
  18 |  const trackAddedNotification = {
  19 |    message: <Title order={5} style={{ color: 'white' }}>Track added</Title>,
     |                                                                             ^
  20 |    color: 'green',
  21 |    style: { backgroundColor: theme.colors.green[7] },
      at TransformPluginContext._formatError (file:///home/code/playlister/frontend-src/node_modules/vite/dist/node/chunks/dep-BK3b2jBa.js:49258:41)
      at TransformPluginContext.error (file:///home/code/playlister/frontend-src/node_modules/vite/dist/node/chunks/dep-BK3b2jBa.js:49253:16)
      at TransformPluginContext.transform (file:///home/code/playlister/frontend-src/node_modules/vite/dist/node/chunks/dep-BK3b2jBa.js:64259:14)
      at async PluginContainer.transform (file:///home/code/playlister/frontend-src/node_modules/vite/dist/node/chunks/dep-BK3b2jBa.js:49099:18)
      at async loadAndTransform (file:///home/code/playlister/frontend-src/node_modules/vite/dist/node/chunks/dep-BK3b2jBa.js:51978:27)
      at async viteTransformMiddleware (file:///home/code/playlister/frontend-src/node_modules/vite/dist/node/chunks/dep-BK3b2jBa.js:62106:24)
10:24:32 PM [vite] Internal server error: Transform failed with 1 error:
/home/code/playlister/frontend-src/src/index.css:1:5: ERROR: Expected ";" but found "{"
  Plugin: vite:esbuild
  File: /home/code/playlister/frontend-src/src/index.css:1:5
  
  Expected ";" but found "{"
  1  |  body {
     |       ^
  2  |    margin: 0;
  3  |    font-family: -apple-system, BlinkMacSystemFont, 'Segoe UI', 'Roboto', 'Oxygen',
  
      at failureErrorWithLog (/home/code/playlister/frontend-src/node_modules/esbuild/lib/main.js:1472:15)
      at /home/code/playlister/frontend-src/node_modules/esbuild/lib/main.js:755:50
      at responseCallbacks.<computed> (/home/code/playlister/frontend-src/node_modules/esbuild/lib/main.js:622:9)
      at handleIncomingPacket (/home/code/playlister/frontend-src/node_modules/esbuild/lib/main.js:677:12)
      at Socket.readFromStdout (/home/code/playlister/frontend-src/node_modules/esbuild/lib/main.js:600:7)
      at Socket.emit (node:events:519:28)
      at addChunk (node:internal/streams/readable:561:12)
      at readableAddChunkPushByteMode (node:internal/streams/readable:512:3)
      at Readable.push (node:internal/streams/readable:392:5)
      at Pipe.onStreamRead (node:internal/stream_base_commons:189:23)
10:24:32 PM [vite] Internal server error: Failed to parse source for import analysis because the content contains invalid JS syntax. If you are using JSX, make sure to name the file with the .jsx or .tsx extension.
  Plugin: vite:import-analysis
  File: /home/code/playlister/frontend-src/src/features/managedPlaylists/managedPlaylistsSlice.js:19:76
  17 |  
  18 |  const trackAddedNotification = {
  19 |    message: <Title order={5} style={{ color: 'white' }}>Track added</Title>,
     |                                                                             ^
  20 |    color: 'green',
  21 |    style: { backgroundColor: theme.colors.green[7] },
      at TransformPluginContext._formatError (file:///home/code/playlister/frontend-src/node_modules/vite/dist/node/chunks/dep-BK3b2jBa.js:49258:41)
      at TransformPluginContext.error (file:///home/code/playlister/frontend-src/node_modules/vite/dist/node/chunks/dep-BK3b2jBa.js:49253:16)
      at TransformPluginContext.transform (file:///home/code/playlister/frontend-src/node_modules/vite/dist/node/chunks/dep-BK3b2jBa.js:64259:14)
      at async PluginContainer.transform (file:///home/code/playlister/frontend-src/node_modules/vite/dist/node/chunks/dep-BK3b2jBa.js:49099:18)
      at async loadAndTransform (file:///home/code/playlister/frontend-src/node_modules/vite/dist/node/chunks/dep-BK3b2jBa.js:51978:27)
      at async viteTransformMiddleware (file:///home/code/playlister/frontend-src/node_modules/vite/dist/node/chunks/dep-BK3b2jBa.js:62106:24)
10:24:38 PM [vite] Internal server error: Transform failed with 1 error:
/home/code/playlister/frontend-src/src/index.css:1:5: ERROR: Expected ";" but found "{"
  Plugin: vite:esbuild
  File: /home/code/playlister/frontend-src/src/index.css:1:5
  
  Expected ";" but found "{"
  1  |  body {
     |       ^
  2  |    margin: 0;
  3  |    font-family: -apple-system, BlinkMacSystemFont, 'Segoe UI', 'Roboto', 'Oxygen',
  
      at failureErrorWithLog (/home/code/playlister/frontend-src/node_modules/esbuild/lib/main.js:1472:15)
      at /home/code/playlister/frontend-src/node_modules/esbuild/lib/main.js:755:50
      at responseCallbacks.<computed> (/home/code/playlister/frontend-src/node_modules/esbuild/lib/main.js:622:9)
      at handleIncomingPacket (/home/code/playlister/frontend-src/node_modules/esbuild/lib/main.js:677:12)
      at Socket.readFromStdout (/home/code/playlister/frontend-src/node_modules/esbuild/lib/main.js:600:7)
      at Socket.emit (node:events:519:28)
      at addChunk (node:internal/streams/readable:561:12)
      at readableAddChunkPushByteMode (node:internal/streams/readable:512:3)
      at Readable.push (node:internal/streams/readable:392:5)
      at Pipe.onStreamRead (node:internal/stream_base_commons:189:23)
10:24:38 PM [vite] Internal server error: Failed to parse source for import analysis because the content contains invalid JS syntax. If you are using JSX, make sure to name the file with the .jsx or .tsx extension.
  Plugin: vite:import-analysis
  File: /home/code/playlister/frontend-src/src/features/managedPlaylists/managedPlaylistsSlice.js:19:76
  17 |  
  18 |  const trackAddedNotification = {
  19 |    message: <Title order={5} style={{ color: 'white' }}>Track added</Title>,
     |                                                                             ^
  20 |    color: 'green',
  21 |    style: { backgroundColor: theme.colors.green[7] },
      at TransformPluginContext._formatError (file:///home/code/playlister/frontend-src/node_modules/vite/dist/node/chunks/dep-BK3b2jBa.js:49258:41)
      at TransformPluginContext.error (file:///home/code/playlister/frontend-src/node_modules/vite/dist/node/chunks/dep-BK3b2jBa.js:49253:16)
      at TransformPluginContext.transform (file:///home/code/playlister/frontend-src/node_modules/vite/dist/node/chunks/dep-BK3b2jBa.js:64259:14)
      at async PluginContainer.transform (file:///home/code/playlister/frontend-src/node_modules/vite/dist/node/chunks/dep-BK3b2jBa.js:49099:18)
      at async loadAndTransform (file:///home/code/playlister/frontend-src/node_modules/vite/dist/node/chunks/dep-BK3b2jBa.js:51978:27)
      at async viteTransformMiddleware (file:///home/code/playlister/frontend-src/node_modules/vite/dist/node/chunks/dep-BK3b2jBa.js:62106:24)
10:25:12 PM [vite] Internal server error: Transform failed with 1 error:
/home/code/playlister/frontend-src/src/index.css:1:5: ERROR: Expected ";" but found "{"
  Plugin: vite:esbuild
  File: /home/code/playlister/frontend-src/src/index.css:1:5
  
  Expected ";" but found "{"
  1  |  body {
     |       ^
  2  |    margin: 0;
  3  |    font-family: -apple-system, BlinkMacSystemFont, 'Segoe UI', 'Roboto', 'Oxygen',
  
      at failureErrorWithLog (/home/code/playlister/frontend-src/node_modules/esbuild/lib/main.js:1472:15)
      at /home/code/playlister/frontend-src/node_modules/esbuild/lib/main.js:755:50
      at responseCallbacks.<computed> (/home/code/playlister/frontend-src/node_modules/esbuild/lib/main.js:622:9)
      at handleIncomingPacket (/home/code/playlister/frontend-src/node_modules/esbuild/lib/main.js:677:12)
      at Socket.readFromStdout (/home/code/playlister/frontend-src/node_modules/esbuild/lib/main.js:600:7)
      at Socket.emit (node:events:519:28)
      at addChunk (node:internal/streams/readable:561:12)
      at readableAddChunkPushByteMode (node:internal/streams/readable:512:3)
      at Readable.push (node:internal/streams/readable:392:5)
      at Pipe.onStreamRead (node:internal/stream_base_commons:189:23)
10:25:12 PM [vite] Internal server error: Failed to parse source for import analysis because the content contains invalid JS syntax. If you are using JSX, make sure to name the file with the .jsx or .tsx extension.
  Plugin: vite:import-analysis
  File: /home/code/playlister/frontend-src/src/features/managedPlaylists/managedPlaylistsSlice.js:19:76
  17 |  
  18 |  const trackAddedNotification = {
  19 |    message: <Title order={5} style={{ color: 'white' }}>Track added</Title>,
     |                                                                             ^
  20 |    color: 'green',
  21 |    style: { backgroundColor: theme.colors.green[7] },
      at TransformPluginContext._formatError (file:///home/code/playlister/frontend-src/node_modules/vite/dist/node/chunks/dep-BK3b2jBa.js:49258:41)
      at TransformPluginContext.error (file:///home/code/playlister/frontend-src/node_modules/vite/dist/node/chunks/dep-BK3b2jBa.js:49253:16)
      at TransformPluginContext.transform (file:///home/code/playlister/frontend-src/node_modules/vite/dist/node/chunks/dep-BK3b2jBa.js:64259:14)
      at async PluginContainer.transform (file:///home/code/playlister/frontend-src/node_modules/vite/dist/node/chunks/dep-BK3b2jBa.js:49099:18)
      at async loadAndTransform (file:///home/code/playlister/frontend-src/node_modules/vite/dist/node/chunks/dep-BK3b2jBa.js:51978:27)
      at async viteTransformMiddleware (file:///home/code/playlister/frontend-src/node_modules/vite/dist/node/chunks/dep-BK3b2jBa.js:62106:24)
